Array
(
    [ids] => Array
        (
            [0] => 
        )

)
Array
(
    [ids] => Array
        (
            [0] => 
        )

)
SQL Query: DELETE FROM client_reservation WHERE reservation_ID IN (0)
Array
(
    [ids] => Array
        (
            [0] => 
        )

)
SQL Query: DELETE FROM client_reservation WHERE reservation_ID IN (0)
Array
(
    [ids] => Array
        (
            [0] => undefined
        )

)
SQL Query: DELETE FROM client_reservation WHERE reservation_ID IN (0)
Array
(
    [ids] => Array
        (
            [0] => undefined
        )

)
SQL Query: DELETE FROM client_reservation WHERE reservation_ID IN (0)
Array
(
    [ids] => Array
        (
            [0] => undefined
        )

)
SQL Query: DELETE FROM client_reservation WHERE reservation_ID IN (0)
